
> CPE-Web-App@0.0.0 build
> vite build && node scripts/prerender.js

vite v6.3.6 building for production...
transforming...
✓ 2589 modules transformed.
rendering chunks...
computing gzip size...
dist/index.html                     0.96 kB │ gzip:   0.51 kB
dist/assets/index-nG2nqkYr.css    123.35 kB │ gzip:  19.42 kB
dist/assets/index-CFkkfcfc.js   1,983.73 kB │ gzip: 523.00 kB

(!) Some chunks are larger than 500 kB after minification. Consider:
- Using dynamic import() to code-split the application
- Use build.rollupOptions.output.manualChunks to improve chunking: https://rollupjs.org/configuration-options/#output-manualchunks
- Adjust chunk size limit for this warning via build.chunkSizeWarningLimit.
✓ built in 5.70s
Starting pre-rendering process...
Found 157 routes to pre-render
Starting preview server...
Port 4173 is in use, trying another one...
Server running at http://localhost:4173
Environment: Local Development
Pre-rendering: / (1/157)
Pre-rendering: /ASAP/ (2/157)
Pre-rendering: /tuition-and-financial-aid/ (3/157)
Pre-rendering: /online-mba/ (4/157)
Pre-rendering: /online-masters-computer-science-mscs/ (5/157)
Pre-rendering: /online-masters-engineering-management/ (6/157)
Pre-rendering: /online-masters-data-science-msds/ (7/157)
Pre-rendering: /compare-our-programs/ (8/157)
Pre-rendering: /events/ (9/157)
Pre-rendering: /online-learning-experience/ (10/157)
Pre-rendering: /admissions/ (11/157)
Pre-rendering: /RequestInfo/ (12/157)
Pre-rendering: /ProfessionalEducation (13/157)
Pre-rendering: /Certificates (14/157)
Pre-rendering: /TuitionOutcomes (15/157)
Pre-rendering: /explore/online-mba/ (16/157)
Pre-rendering: /explore/online-masters-engineering-management/ (17/157)
Pre-rendering: /explore/online-masters-data-science/ (18/157)
Pre-rendering: /explore/online-masters-computer-science/ (19/157)
Pre-rendering: /explore/ai-masters-computer-science/ (20/157)
Pre-rendering: /blog/ (21/157)
Pre-rendering: /blog/alkis-vazacopoulos-on-business-analytics-turning-data-into-decisions/ (22/157)
Pre-rendering: /blog/artificial-intelligence-and-innovation-in-engineering-management/ (23/157)
Pre-rendering: /blog/best-time-to-earn-your-masters-in-engineering-management/ (24/157)
Pre-rendering: /blog/big-data-jobs-skills-acquired-in-a-master/ (25/157)
Pre-rendering: /blog/budgeting-to-pay-for-your-mscs/ (26/157)
Pre-rendering: /blog/building-computer-systems-for-the-future-reza-peyrovian/ (27/157)
Pre-rendering: /blog/c-suite-executives-top-msds-grads-business/ (28/157)
Pre-rendering: /blog/coding-bootcamp-competing-today-job-market/ (29/157)
Pre-rendering: /blog/computer-science-ai-innovation-for-future/ (30/157)
Pre-rendering: /blog/computer-science-degree-requirements/ (31/157)
Pre-rendering: /blog/computer-science-salaries-outlook-for-2023/ (32/157)
Pre-rendering: /blog/computer-science-skills-developing-world/ (33/157)
Pre-rendering: /blog/covid-19s-impact-on-mba-admissions-process/ (34/157)
Pre-rendering: /blog/data-science-careers-for-stem-professionals/ (35/157)
Pre-rendering: /blog/data-science-masters-benefits/ (36/157)
Pre-rendering: /blog/data-science-masters-for-ai-future/ (37/157)
Pre-rendering: /blog/do-you-need-a-master-degree-for-data-science/ (38/157)
Pre-rendering: /blog/engineering-management-degree-admission/ (39/157)
Pre-rendering: /blog/engineering-management-vs-mba/ (40/157)
Pre-rendering: /blog/engineering-manager-or-tech-lead-choosing-your-path/ (41/157)
Pre-rendering: /blog/engineering-manager-salary-guide/ (42/157)
Pre-rendering: /blog/engineering-technology-masters-program/ (43/157)
Pre-rendering: /blog/explore-computer-science-salary-and-job-outlook-2024/ (44/157)
Pre-rendering: /blog/finding-success-in-engineering-leadership/ (45/157)
Pre-rendering: /blog/from-engineering-manager-program/ (46/157)
Pre-rendering: /blog/gain-technical-depth-with-a-computer-science-masters-mscs/ (47/157)
Pre-rendering: /blog/highest-paying-computer-science-skills/ (48/157)
Pre-rendering: /blog/how-immersion-enhances-the-stevens-online-mba-experience/ (49/157)
Pre-rendering: /blog/how-to-balance-a-full-time-job-and-an-online-mscs/ (50/157)
Pre-rendering: /blog/how-to-strengthen-your-online-mba-application/ (51/157)
Pre-rendering: /blog/integration-of-artificial-intelligence-in-business-strategy/ (52/157)
Pre-rendering: /blog/managing-engineers-unique-skill-sets/ (53/157)
Pre-rendering: /blog/mba-career-paths-new-pursuits/ (54/157)
Pre-rendering: /blog/mba-equips-leaders-with-financial-and-managerial-accounting-skills/ (55/157)
Pre-rendering: /blog/mba-program-fits-entrepreneurship-journey/ (56/157)
Pre-rendering: /blog/online-computer-science-degree-mscs/ (57/157)
Pre-rendering: /blog/online-data-science-vs-computer-science/ (58/157)
Pre-rendering: /blog/online-distance-learning-degree/ (59/157)
Pre-rendering: /blog/online-engineering-management-requirements/ (60/157)
Pre-rendering: /blog/online-learning-experience-at-stevens-institute-of-technology/ (61/157)
Pre-rendering: /blog/online-mscs-develops-skills-required-for-remote-computer-science-jobs/ (62/157)
Pre-rendering: /blog/origins-of-engineering-management-mem-degree/ (63/157)
Pre-rendering: /blog/outlook-for-data-science-occupations/ (64/157)
Pre-rendering: /blog/prepare-for-remote-computer-science-jobs-with-an-mscs/ (65/157)
Pre-rendering: /blog/real-life-data-science-masters-degree/ (66/157)
Pre-rendering: /blog/remote-computer-jobs-online-msds-grads/ (67/157)
Pre-rendering: /blog/safer-and-more-secure-software-design/ (68/157)
Pre-rendering: /blog/steven-mscs-focus-areas/ (69/157)
Pre-rendering: /blog/stevens-asap-application/ (70/157)
Pre-rendering: /blog/stevens-institute-master-of-computer-science-program-who-is-a-good-fit/ (71/157)
Pre-rendering: /blog/stevens-master-of-science-in-data-science-hands-on-skills/ (72/157)
Pre-rendering: /blog/stevens-online-mba-employer-tuition-assistance/ (73/157)
Pre-rendering: /blog/submit-a-stronger-msds-application-start-with-application-walkthrough/ (74/157)
Pre-rendering: /blog/supply-chain-management-sustainability/ (75/157)
Pre-rendering: /blog/tech-management-jobs/ (76/157)
Pre-rendering: /blog/the-data-science-bubble-essential-for-you/ (77/157)
Pre-rendering: /blog/the-top-data-science-trends-today/ (78/157)
Pre-rendering: /blog/the-true-benefits-for-online-mba-graduates/ (79/157)
Pre-rendering: /blog/top-best-data-science-programs/ (80/157)
Pre-rendering: /blog/top-mba-jobs-for-2025-graduates/ (81/157)
Pre-rendering: /blog/top-online-master-engineering-curriculum/ (82/157)
Pre-rendering: /blog/why-an-mscs-is-better-than-moocs/ (83/157)
Pre-rendering: /blog/why-computer-science-is-important/ (84/157)
Pre-rendering: /blog/why-top-online-mba-programs-emphasize-technical-foundation/ (85/157)
Pre-rendering: /blog/with-an-online-mba-jobs-become-more-accessible/ (86/157)
Pre-rendering: /blog/your-data-science-resume/ (87/157)
Pre-rendering: /topics/engineering-essentials/ (88/157)
Pre-rendering: /topics/mastering-computer-science/ (89/157)
Pre-rendering: /topics/online-mba-success/ (90/157)
Pre-rendering: /topics/uncategorized/ (91/157)
Pre-rendering: /topics/online-mba-success/alkis-vazacopoulos-on-business-analytics-turning-data-into-decisions/ (92/157)
Pre-rendering: /topics/engineering-essentials/artificial-intelligence-and-innovation-in-engineering-management/ (93/157)
Pre-rendering: /topics/engineering-essentials/best-time-to-earn-your-masters-in-engineering-management/ (94/157)
Pre-rendering: /topics/uncategorized/big-data-jobs-skills-acquired-in-a-master/ (95/157)
Pre-rendering: /topics/mastering-computer-science/budgeting-to-pay-for-your-mscs/ (96/157)
Pre-rendering: /topics/mastering-computer-science/building-computer-systems-for-the-future-reza-peyrovian/ (97/157)
Pre-rendering: /topics/uncategorized/c-suite-executives-top-msds-grads-business/ (98/157)
Pre-rendering: /topics/mastering-computer-science/coding-bootcamp-competing-today-job-market/ (99/157)
Pre-rendering: /topics/mastering-computer-science/computer-science-ai-innovation-for-future/ (100/157)
Pre-rendering: /topics/mastering-computer-science/computer-science-degree-requirements/ (101/157)
Pre-rendering: /topics/mastering-computer-science/computer-science-salaries-outlook-for-2023/ (102/157)
Pre-rendering: /topics/mastering-computer-science/computer-science-skills-developing-world/ (103/157)
Pre-rendering: /topics/online-mba-success/covid-19s-impact-on-mba-admissions-process/ (104/157)
Pre-rendering: /topics/uncategorized/data-science-careers-for-stem-professionals/ (105/157)
Pre-rendering: /topics/uncategorized/data-science-masters-benefits/ (106/157)
Pre-rendering: /topics/uncategorized/data-science-masters-for-ai-future/ (107/157)
Pre-rendering: /topics/uncategorized/do-you-need-a-master-degree-for-data-science/ (108/157)
Pre-rendering: /topics/engineering-essentials/engineering-management-degree-admission/ (109/157)
Pre-rendering: /topics/online-mba-success/engineering-management-vs-mba/ (110/157)
Pre-rendering: /topics/engineering-essentials/engineering-manager-or-tech-lead-choosing-your-path/ (111/157)
Pre-rendering: /topics/engineering-essentials/engineering-manager-salary-guide/ (112/157)
Pre-rendering: /topics/engineering-essentials/engineering-technology-masters-program/ (113/157)
Pre-rendering: /topics/mastering-computer-science/explore-computer-science-salary-and-job-outlook-2024/ (114/157)
Pre-rendering: /topics/engineering-essentials/finding-success-in-engineering-leadership/ (115/157)
Pre-rendering: /topics/engineering-essentials/from-engineering-manager-program/ (116/157)
Pre-rendering: /topics/mastering-computer-science/gain-technical-depth-with-a-computer-science-masters-mscs/ (117/157)
Pre-rendering: /topics/mastering-computer-science/highest-paying-computer-science-skills/ (118/157)
Pre-rendering: /topics/online-mba-success/how-immersion-enhances-the-stevens-online-mba-experience/ (119/157)
Pre-rendering: /topics/mastering-computer-science/how-to-balance-a-full-time-job-and-an-online-mscs/ (120/157)
Pre-rendering: /topics/online-mba-success/how-to-strengthen-your-online-mba-application/ (121/157)
Pre-rendering: /topics/online-mba-success/integration-of-artificial-intelligence-in-business-strategy/ (122/157)
Pre-rendering: /topics/engineering-essentials/managing-engineers-unique-skill-sets/ (123/157)
Pre-rendering: /topics/online-mba-success/mba-career-paths-new-pursuits/ (124/157)
Pre-rendering: /topics/online-mba-success/mba-equips-leaders-with-financial-and-managerial-accounting-skills/ (125/157)
Pre-rendering: /topics/online-mba-success/mba-program-fits-entrepreneurship-journey/ (126/157)
Pre-rendering: /topics/mastering-computer-science/online-computer-science-degree-mscs/ (127/157)
Pre-rendering: /topics/mastering-computer-science/online-data-science-vs-computer-science/ (128/157)
Pre-rendering: /topics/engineering-essentials/online-distance-learning-degree/ (129/157)
Pre-rendering: /topics/engineering-essentials/online-engineering-management-requirements/ (130/157)
Pre-rendering: /topics/engineering-essentials/online-learning-experience-at-stevens-institute-of-technology/ (131/157)
Pre-rendering: /topics/mastering-computer-science/online-mscs-develops-skills-required-for-remote-computer-science-jobs/ (132/157)
Pre-rendering: /topics/engineering-essentials/origins-of-engineering-management-mem-degree/ (133/157)
Pre-rendering: /topics/uncategorized/outlook-for-data-science-occupations/ (134/157)
Pre-rendering: /topics/mastering-computer-science/prepare-for-remote-computer-science-jobs-with-an-mscs/ (135/157)
Pre-rendering: /topics/uncategorized/real-life-data-science-masters-degree/ (136/157)
Pre-rendering: /topics/uncategorized/remote-computer-jobs-online-msds-grads/ (137/157)
Pre-rendering: /topics/mastering-computer-science/safer-and-more-secure-software-design/ (138/157)
Pre-rendering: /topics/mastering-computer-science/steven-mscs-focus-areas/ (139/157)
Pre-rendering: /topics/engineering-essentials/stevens-asap-application/ (140/157)
Pre-rendering: /topics/mastering-computer-science/stevens-institute-master-of-computer-science-program-who-is-a-good-fit/ (141/157)
Pre-rendering: /topics/uncategorized/stevens-master-of-science-in-data-science-hands-on-skills/ (142/157)
Pre-rendering: /topics/online-mba-success/stevens-online-mba-employer-tuition-assistance/ (143/157)
Pre-rendering: /topics/uncategorized/submit-a-stronger-msds-application-start-with-application-walkthrough/ (144/157)
Pre-rendering: /topics/engineering-essentials/supply-chain-management-sustainability/ (145/157)
Pre-rendering: /topics/online-mba-success/tech-management-jobs/ (146/157)
Pre-rendering: /topics/uncategorized/the-data-science-bubble-essential-for-you/ (147/157)
Pre-rendering: /topics/uncategorized/the-top-data-science-trends-today/ (148/157)
Pre-rendering: /topics/online-mba-success/the-true-benefits-for-online-mba-graduates/ (149/157)
Pre-rendering: /topics/uncategorized/top-best-data-science-programs/ (150/157)
Pre-rendering: /topics/online-mba-success/top-mba-jobs-for-2025-graduates/ (151/157)
Pre-rendering: /topics/engineering-essentials/top-online-master-engineering-curriculum/ (152/157)
Pre-rendering: /topics/mastering-computer-science/why-an-mscs-is-better-than-moocs/ (153/157)
Pre-rendering: /topics/mastering-computer-science/why-computer-science-is-important/ (154/157)
Pre-rendering: /topics/online-mba-success/why-top-online-mba-programs-emphasize-technical-foundation/ (155/157)
Pre-rendering: /topics/online-mba-success/with-an-online-mba-jobs-become-more-accessible/ (156/157)
Pre-rendering: /topics/uncategorized/your-data-science-resume/ (157/157)

Successfully pre-rendered 157 pages!
